0 info it worked if it ends with ok
1 verbose cli [ 'C:\\Users\\austi\\scoop\\apps\\nvm\\current\\nodejs\\node.exe',
1 verbose cli   'C:\\Users\\austi\\scoop\\apps\\nvm\\current\\nodejs\\node_modules\\npm\\bin\\npm-cli.js',
1 verbose cli   'run',
1 verbose cli   'start-server' ]
2 info using npm@4.1.2
3 info using node@v7.7.1
4 verbose run-script [ 'prestart-server', 'start-server', 'poststart-server' ]
5 info lifecycle rocketmiles-protractor@1.0.0~prestart-server: rocketmiles-protractor@1.0.0
6 silly lifecycle rocketmiles-protractor@1.0.0~prestart-server: no script for prestart-server, continuing
7 info lifecycle rocketmiles-protractor@1.0.0~start-server: rocketmiles-protractor@1.0.0
8 verbose lifecycle rocketmiles-protractor@1.0.0~start-server: unsafe-perm in lifecycle true
9 verbose lifecycle rocketmiles-protractor@1.0.0~start-server: PATH: C:\Users\austi\scoop\apps\nvm\1.1.1\v7.7.1\node_modules\npm\bin\node-gyp-bin;C:\Repositories\rocketmiles-protractor\node_modules\.bin;C:\programdata\scoop\apps\python\current\scripts;C:\programdata\scoop\shims;C:\ProgramData\Oracle\Java\javapath;C:\Windows\system32;C:\Windows;C:\Windows\System32\Wbem;C:\Windows\System32\WindowsPowerShell\v1.0\;%android_home%\tools;%android_home%\platform_tools;C:\Program Files (x86)\Microsoft Emulator Manager\1.0\;C:\Users\austi\scoop\apps\nvm\current\nodejs;C:\Users\austi\scoop\apps\openjdk\current\bin;C:\Users\austi\scoop\apps\nodejs\current\nodejs;C:\Users\austi\scoop\shims;C:\Users\austi\AppData\Local\Microsoft\WindowsApps;C:\Users\austi\AppData\Local\atom\bin
10 verbose lifecycle rocketmiles-protractor@1.0.0~start-server: CWD: C:\Repositories\rocketmiles-protractor
11 silly lifecycle rocketmiles-protractor@1.0.0~start-server: Args: [ '/d /s /c',
11 silly lifecycle   'webdriver-manager update && webdriver-manager start' ]
12 silly lifecycle rocketmiles-protractor@1.0.0~start-server: Returned: code: 3221225786  signal: null
13 info lifecycle rocketmiles-protractor@1.0.0~start-server: Failed to exec start-server script
14 verbose stack Error: rocketmiles-protractor@1.0.0 start-server: `webdriver-manager update && webdriver-manager start`
14 verbose stack Exit status 3221225786
14 verbose stack     at EventEmitter.<anonymous> (C:\Users\austi\scoop\apps\nvm\1.1.1\v7.7.1\node_modules\npm\lib\utils\lifecycle.js:279:16)
14 verbose stack     at emitTwo (events.js:106:13)
14 verbose stack     at EventEmitter.emit (events.js:194:7)
14 verbose stack     at ChildProcess.<anonymous> (C:\Users\austi\scoop\apps\nvm\1.1.1\v7.7.1\node_modules\npm\lib\utils\spawn.js:40:14)
14 verbose stack     at emitTwo (events.js:106:13)
14 verbose stack     at ChildProcess.emit (events.js:194:7)
14 verbose stack     at maybeClose (internal/child_process.js:899:16)
14 verbose stack     at Process.ChildProcess._handle.onexit (internal/child_process.js:226:5)
15 verbose pkgid rocketmiles-protractor@1.0.0
16 verbose cwd C:\Repositories\rocketmiles-protractor
17 error Windows_NT 10.0.14393
18 error argv "C:\\Users\\austi\\scoop\\apps\\nvm\\current\\nodejs\\node.exe" "C:\\Users\\austi\\scoop\\apps\\nvm\\current\\nodejs\\node_modules\\npm\\bin\\npm-cli.js" "run" "start-server"
19 error node v7.7.1
20 error npm  v4.1.2
21 error code ELIFECYCLE
22 error rocketmiles-protractor@1.0.0 start-server: `webdriver-manager update && webdriver-manager start`
22 error Exit status 3221225786
23 error Failed at the rocketmiles-protractor@1.0.0 start-server script 'webdriver-manager update && webdriver-manager start'.
23 error Make sure you have the latest version of node.js and npm installed.
23 error If you do, this is most likely a problem with the rocketmiles-protractor package,
23 error not with npm itself.
23 error Tell the author that this fails on your system:
23 error     webdriver-manager update && webdriver-manager start
23 error You can get information on how to open an issue for this project with:
23 error     npm bugs rocketmiles-protractor
23 error Or if that isn't available, you can get their info via:
23 error     npm owner ls rocketmiles-protractor
23 error There is likely additional logging output above.
24 verbose exit [ 1, true ]
